16:10:45.395 Api Request Received: messageType:GetStepValueRequest messageId:63632535045386 stepValueRequest:<stepText:"Vowels in English language are <vowelString>." hasInlineTable:false > 
16:10:45.396 Sending API response: messageType:GetStepValueResponse messageId:63632535045386 stepValueResponse:<stepValue:<stepValue:"Vowels in English language are {}." parameterizedStepValue:"Vowels in English language are <vowelString>." parameters:"vowelString" > > 
16:10:45.405 Api Request Received: messageType:GetStepValueRequest messageId:63632535045404 stepValueRequest:<stepText:"The word <word> has <expectedCount> vowels." hasInlineTable:false > 
16:10:45.405 Sending API response: messageType:GetStepValueResponse messageId:63632535045404 stepValueResponse:<stepValue:<stepValue:"The word {} has {} vowels." parameterizedStepValue:"The word <word> has <expectedCount> vowels." parameters:"word" parameters:"expectedCount" > > 
16:10:45.405 Api Request Received: messageType:GetStepValueRequest messageId:63632535045405 stepValueRequest:<stepText:"Almost all words have vowels <wordsTable>" hasInlineTable:false > 
16:10:45.405 Sending API response: messageType:GetStepValueResponse messageId:63632535045405 stepValueResponse:<stepValue:<stepValue:"Almost all words have vowels {}" parameterizedStepValue:"Almost all words have vowels <wordsTable>" parameters:"wordsTable" > > 
16:10:45.405 Api Request Received: messageType:GetStepValueRequest messageId:63632535045405 stepValueRequest:<stepText:"Open the browser" hasInlineTable:false > 
16:10:45.405 Sending API response: messageType:GetStepValueResponse messageId:63632535045405 stepValueResponse:<stepValue:<stepValue:"Open the browser" parameterizedStepValue:"Open the browser" > > 
16:11:09.096 Api Request Received: messageType:GetStepValueRequest messageId:63632535069085 stepValueRequest:<stepText:"Vowels in English language are <vowelString>." hasInlineTable:false > 
16:11:09.097 Sending API response: messageType:GetStepValueResponse messageId:63632535069085 stepValueResponse:<stepValue:<stepValue:"Vowels in English language are {}." parameterizedStepValue:"Vowels in English language are <vowelString>." parameters:"vowelString" > > 
16:11:09.107 Api Request Received: messageType:GetStepValueRequest messageId:63632535069107 stepValueRequest:<stepText:"The word <word> has <expectedCount> vowels." hasInlineTable:false > 
16:11:09.107 Sending API response: messageType:GetStepValueResponse messageId:63632535069107 stepValueResponse:<stepValue:<stepValue:"The word {} has {} vowels." parameterizedStepValue:"The word <word> has <expectedCount> vowels." parameters:"word" parameters:"expectedCount" > > 
16:11:09.108 Api Request Received: messageType:GetStepValueRequest messageId:63632535069108 stepValueRequest:<stepText:"Almost all words have vowels <wordsTable>" hasInlineTable:false > 
16:11:09.108 Sending API response: messageType:GetStepValueResponse messageId:63632535069108 stepValueResponse:<stepValue:<stepValue:"Almost all words have vowels {}" parameterizedStepValue:"Almost all words have vowels <wordsTable>" parameters:"wordsTable" > > 
16:11:09.109 Api Request Received: messageType:GetStepValueRequest messageId:63632535069108 stepValueRequest:<stepText:"Open the browser" hasInlineTable:false > 
16:11:09.109 Sending API response: messageType:GetStepValueResponse messageId:63632535069108 stepValueResponse:<stepValue:<stepValue:"Open the browser" parameterizedStepValue:"Open the browser" > > 
09:29:43.494 Api Request Received: messageType:GetStepValueRequest messageId:63632856583478 stepValueRequest:<stepText:"Vowels in English language are <vowelString>." hasInlineTable:false > 
09:29:43.495 Sending API response: messageType:GetStepValueResponse messageId:63632856583478 stepValueResponse:<stepValue:<stepValue:"Vowels in English language are {}." parameterizedStepValue:"Vowels in English language are <vowelString>." parameters:"vowelString" > > 
09:29:43.510 Api Request Received: messageType:GetStepValueRequest messageId:63632856583510 stepValueRequest:<stepText:"The word <word> has <expectedCount> vowels." hasInlineTable:false > 
09:29:43.511 Sending API response: messageType:GetStepValueResponse messageId:63632856583510 stepValueResponse:<stepValue:<stepValue:"The word {} has {} vowels." parameterizedStepValue:"The word <word> has <expectedCount> vowels." parameters:"word" parameters:"expectedCount" > > 
09:29:43.511 Api Request Received: messageType:GetStepValueRequest messageId:63632856583511 stepValueRequest:<stepText:"Almost all words have vowels <wordsTable>" hasInlineTable:false > 
09:29:43.511 Sending API response: messageType:GetStepValueResponse messageId:63632856583511 stepValueResponse:<stepValue:<stepValue:"Almost all words have vowels {}" parameterizedStepValue:"Almost all words have vowels <wordsTable>" parameters:"wordsTable" > > 
09:29:43.512 Api Request Received: messageType:GetStepValueRequest messageId:63632856583512 stepValueRequest:<stepText:"Open the browser" hasInlineTable:false > 
09:29:43.512 Sending API response: messageType:GetStepValueResponse messageId:63632856583512 stepValueResponse:<stepValue:<stepValue:"Open the browser" parameterizedStepValue:"Open the browser" > > 
09:44:36.906 Api Request Received: messageType:GetStepValueRequest messageId:63632857476892 stepValueRequest:<stepText:"Vowels in English language are <vowelString>." hasInlineTable:false > 
09:44:36.906 Sending API response: messageType:GetStepValueResponse messageId:63632857476892 stepValueResponse:<stepValue:<stepValue:"Vowels in English language are {}." parameterizedStepValue:"Vowels in English language are <vowelString>." parameters:"vowelString" > > 
09:44:36.918 Api Request Received: messageType:GetStepValueRequest messageId:63632857476918 stepValueRequest:<stepText:"The word <word> has <expectedCount> vowels." hasInlineTable:false > 
09:44:36.918 Sending API response: messageType:GetStepValueResponse messageId:63632857476918 stepValueResponse:<stepValue:<stepValue:"The word {} has {} vowels." parameterizedStepValue:"The word <word> has <expectedCount> vowels." parameters:"word" parameters:"expectedCount" > > 
09:44:36.919 Api Request Received: messageType:GetStepValueRequest messageId:63632857476919 stepValueRequest:<stepText:"Almost all words have vowels <wordsTable>" hasInlineTable:false > 
09:44:36.919 Sending API response: messageType:GetStepValueResponse messageId:63632857476919 stepValueResponse:<stepValue:<stepValue:"Almost all words have vowels {}" parameterizedStepValue:"Almost all words have vowels <wordsTable>" parameters:"wordsTable" > > 
09:44:36.919 Api Request Received: messageType:GetStepValueRequest messageId:63632857476919 stepValueRequest:<stepText:"Open the browser" hasInlineTable:false > 
09:44:36.919 Sending API response: messageType:GetStepValueResponse messageId:63632857476919 stepValueResponse:<stepValue:<stepValue:"Open the browser" parameterizedStepValue:"Open the browser" > > 
10:30:41.653 Api Request Received: messageType:GetStepValueRequest messageId:63632860241639 stepValueRequest:<stepText:"Vowels in English language are <vowelString>." hasInlineTable:false > 
10:30:41.654 Sending API response: messageType:GetStepValueResponse messageId:63632860241639 stepValueResponse:<stepValue:<stepValue:"Vowels in English language are {}." parameterizedStepValue:"Vowels in English language are <vowelString>." parameters:"vowelString" > > 
10:30:41.664 Api Request Received: messageType:GetStepValueRequest messageId:63632860241664 stepValueRequest:<stepText:"The word <word> has <expectedCount> vowels." hasInlineTable:false > 
10:30:41.664 Sending API response: messageType:GetStepValueResponse messageId:63632860241664 stepValueResponse:<stepValue:<stepValue:"The word {} has {} vowels." parameterizedStepValue:"The word <word> has <expectedCount> vowels." parameters:"word" parameters:"expectedCount" > > 
10:30:41.665 Api Request Received: messageType:GetStepValueRequest messageId:63632860241665 stepValueRequest:<stepText:"Almost all words have vowels <wordsTable>" hasInlineTable:false > 
10:30:41.665 Sending API response: messageType:GetStepValueResponse messageId:63632860241665 stepValueResponse:<stepValue:<stepValue:"Almost all words have vowels {}" parameterizedStepValue:"Almost all words have vowels <wordsTable>" parameters:"wordsTable" > > 
10:30:41.665 Api Request Received: messageType:GetStepValueRequest messageId:63632860241665 stepValueRequest:<stepText:"Open the browser" hasInlineTable:false > 
10:30:41.665 Sending API response: messageType:GetStepValueResponse messageId:63632860241665 stepValueResponse:<stepValue:<stepValue:"Open the browser" parameterizedStepValue:"Open the browser" > > 
12:45:56.013 Api Request Received: messageType:GetStepValueRequest messageId:63632868356002 stepValueRequest:<stepText:"Vowels in English language are <vowelString>." hasInlineTable:false > 
12:45:56.014 Sending API response: messageType:GetStepValueResponse messageId:63632868356002 stepValueResponse:<stepValue:<stepValue:"Vowels in English language are {}." parameterizedStepValue:"Vowels in English language are <vowelString>." parameters:"vowelString" > > 
12:45:56.026 Api Request Received: messageType:GetStepValueRequest messageId:63632868356026 stepValueRequest:<stepText:"The word <word> has <expectedCount> vowels." hasInlineTable:false > 
12:45:56.026 Sending API response: messageType:GetStepValueResponse messageId:63632868356026 stepValueResponse:<stepValue:<stepValue:"The word {} has {} vowels." parameterizedStepValue:"The word <word> has <expectedCount> vowels." parameters:"word" parameters:"expectedCount" > > 
12:45:56.026 Api Request Received: messageType:GetStepValueRequest messageId:63632868356026 stepValueRequest:<stepText:"Almost all words have vowels <wordsTable>" hasInlineTable:false > 
12:45:56.026 Sending API response: messageType:GetStepValueResponse messageId:63632868356026 stepValueResponse:<stepValue:<stepValue:"Almost all words have vowels {}" parameterizedStepValue:"Almost all words have vowels <wordsTable>" parameters:"wordsTable" > > 
12:45:56.026 Api Request Received: messageType:GetStepValueRequest messageId:63632868356026 stepValueRequest:<stepText:"Open the browser" hasInlineTable:false > 
12:45:56.026 Sending API response: messageType:GetStepValueResponse messageId:63632868356026 stepValueResponse:<stepValue:<stepValue:"Open the browser" parameterizedStepValue:"Open the browser" > > 
